<?xml version="1.0" encoding="UTF-8"?>
<testng-results ignored="0" total="1" passed="1" failed="0" skipped="0">
  <reporter-output>
  </reporter-output>
  <suite started-at="2022-07-11T22:35:21 IST" name="Default suite" finished-at="2022-07-11T22:35:42 IST" duration-ms="20317">
    <groups>
    </groups>
    <test started-at="2022-07-11T22:35:21 IST" name="Default test" finished-at="2022-07-11T22:35:42 IST" duration-ms="20317">
      <class name="incubytedemo.incubytedemo.Composemail">
        <test-method is-config="true" signature="startTest()[pri:0, instance:incubytedemo.incubytedemo.Composemail@35dab4eb]" started-at="2022-07-11T22:35:21 IST" name="startTest" finished-at="2022-07-11T22:35:22 IST" duration-ms="242" status="PASS">
          <reporter-output>
          </reporter-output>
        </test-method> <!-- startTest -->
        <test-method is-config="true" signature="setUp()[pri:0, instance:incubytedemo.incubytedemo.Composemail@35dab4eb]" started-at="2022-07-11T22:35:22 IST" name="setUp" finished-at="2022-07-11T22:35:25 IST" duration-ms="3074" status="PASS">
          <reporter-output>
          </reporter-output>
        </test-method> <!-- setUp -->
        <test-method signature="test()[pri:0, instance:incubytedemo.incubytedemo.Composemail@35dab4eb]" started-at="2022-07-11T22:35:25 IST" name="test" finished-at="2022-07-11T22:35:40 IST" duration-ms="15629" status="PASS">
          <reporter-output>
          </reporter-output>
        </test-method> <!-- test -->
        <test-method is-config="true" signature="tearDown()[pri:0, instance:incubytedemo.incubytedemo.Composemail@35dab4eb]" started-at="2022-07-11T22:35:40 IST" name="tearDown" finished-at="2022-07-11T22:35:42 IST" duration-ms="1091" status="PASS">
          <reporter-output>
          </reporter-output>
        </test-method> <!-- tearDown -->
        <test-method is-config="true" signature="endTest()[pri:0, instance:incubytedemo.incubytedemo.Composemail@35dab4eb]" started-at="2022-07-11T22:35:42 IST" name="endTest" finished-at="2022-07-11T22:35:42 IST" duration-ms="234" status="PASS">
          <reporter-output>
          </reporter-output>
        </test-method> <!-- endTest -->
      </class> <!-- incubytedemo.incubytedemo.Composemail -->
    </test> <!-- Default test -->
  </suite> <!-- Default suite -->
</testng-results>
